=> Booting Puma
=> Rails 7.1.6 application starting in development 
=> Run `bin/rails server --help` for more startup options
Puma starting in single mode...
* Puma version: 7.1.0 ("Neon Witch")
* Ruby version: ruby 3.0.3p157 (2021-11-24 revision 3fb7d2cadc) [x86_64-darwin21]
*  Min threads: 5
*  Max threads: 5
*  Environment: development
*          PID: 71309
* Listening on http://127.0.0.1:3001
* Listening on http://[::1]:3001
Use Ctrl-C to stop
Started GET "/api/v1/transit_data/live_transit?origin=Congress+and+Oltorf,+Austin,+TX&destination=Downtown+Station,+Austin,+TX&transit_mode=bus" for ::1 at 2025-12-06 13:33:16 -0600
  [1m[36mActiveRecord::SchemaMigration Load (0.1ms)[0m  [1m[34mSELECT "schema_migrations"."version" FROM "schema_migrations" ORDER BY "schema_migrations"."version" ASC[0m
Processing by Api::V1::TransitDataController#live_transit as */*
  Parameters: {"origin"=>"Congress and Oltorf, Austin, TX", "destination"=>"Downtown Station, Austin, TX", "transit_mode"=>"bus"}
Fetching live transit data: https://maps.googleapis.com/maps/api/directions/json?origin=Congress+and+Oltorf%2C+Austin%2C+TX&destination=Downtown+Station%2C+Austin%2C+TX&mode=transit&transit_mode=bus&departure_time=now&alternatives=true&key=AIzaSyC3tbzPW9t4GHfr40QSzVh5WXfhMTt6ROk
Live transit data fetched successfully
Completed 200 OK in 404ms (Views: 6.6ms | ActiveRecord: 0.0ms | Allocations: 25223)


Started GET "/api/v1/transit_data/live_transit?origin=Congress+and+Oltorf,+Austin,+TX&destination=Downtown+Station,+Austin,+TX&transit_mode=bus" for ::1 at 2025-12-06 13:33:36 -0600
Processing by Api::V1::TransitDataController#live_transit as */*
  Parameters: {"origin"=>"Congress and Oltorf, Austin, TX", "destination"=>"Downtown Station, Austin, TX", "transit_mode"=>"bus"}
Fetching live transit data: https://maps.googleapis.com/maps/api/directions/json?origin=Congress+and+Oltorf%2C+Austin%2C+TX&destination=Downtown+Station%2C+Austin%2C+TX&mode=transit&transit_mode=bus&departure_time=now&alternatives=true&key=AIzaSyC3tbzPW9t4GHfr40QSzVh5WXfhMTt6ROk
Live transit data fetched successfully
Completed 200 OK in 278ms (Views: 5.0ms | ActiveRecord: 0.0ms | Allocations: 5000)


